<?xml version="1.0" encoding="UTF-8"?>
<!-- Generated by org.testng.reporters.JUnitXMLReporter -->
<testsuite ignored="2" hostname="DESKTOP-C69FE4D" failures="2" tests="6" name="Test" time="77.319" errors="0" timestamp="2023-01-20T14:22:46 IST">
  <testcase classname="testCase.DefaceStampTC" name="TC_318" time="0.261"/>
  <testcase classname="testCase.DefaceStampTC" name="TC_319" time="1.808"/>
  <testcase classname="testCase.DefaceStampTC" name="TC_320" time="8.624">
    <failure type="java.lang.AssertionError" message="Images are not Same expected [false] but found [true]">
      <![CDATA[java.lang.AssertionError: Images are not Same expected [false] but found [true]
at testCase.DefaceStampTC.TC_320(DefaceStampTC.java:60)
at java.base/java.util.ArrayList.forEach(ArrayList.java:1511)
... Removed 30 stack frames]]>
    </failure>
  </testcase> <!-- TC_320 -->
  <testcase classname="testCase.DefaceStampTC" name="TC_321" time="1.652"/>
  <testcase classname="testCase.DefaceStampTC" name="TC_325" time="2.985"/>
  <testcase classname="testCase.DefaceStampTC" name="TC_325" time="12.687">
    <failure type="org.openqa.selenium.ElementClickInterceptedException" message="element click intercepted: Element &amp;lt;span class=&amp;quot;d-lg-none&amp;quot; id=&amp;quot;username-offscreen&amp;quot;&amp;gt;...&amp;lt;/span&amp;gt; is not clickable at point (713, 54). Other element would receive the click: &amp;lt;div class=&amp;quot;modal in&amp;quot; id=&amp;quot;modal-id&amp;quot; tabindex=&amp;quot;-1&amp;quot; role=&amp;quot;dialog&amp;quot; style=&amp;quot;display: block; padding-right: 10px;&amp;quot;&amp;gt;...&amp;lt;/div&amp;gt;
  (Session info: headless chrome=109.0.5414.75)
Build info: version: &amp;apos;4.7.2&amp;apos;, revision: &amp;apos;4d4020c3b7&amp;apos;
System info: os.name: &amp;apos;Windows 10&amp;apos;, os.arch: &amp;apos;amd64&amp;apos;, os.version: &amp;apos;10.0&amp;apos;, java.version: &amp;apos;17.0.4.1&amp;apos;
Driver info: org.openqa.selenium.chrome.ChromeDriver
Command: [77adaafef023d774b39d8f62777d8423, clickElement {id=a54907d8-8dad-4332-aa29-e6f8bed32744}]
Capabilities {acceptInsecureCerts: false, browserName: chrome, browserVersion: 109.0.5414.75, chrome: {chromedriverVersion: 109.0.5414.74 (e7c5703604da..., userDataDir: C:\Users\Dell\AppData\Local...}, goog:chromeOptions: {debuggerAddress: localhost:52409}, networkConnectionEnabled: false, pageLoadStrategy: normal, platformName: WINDOWS, proxy: Proxy(), se:cdp: ws://localhost:52409/devtoo..., se:cdpVersion: 109.0.5414.75, setWindowRect: true, strictFileInteractability: false, timeouts: {implicit: 0, pageLoad: 300000, script: 30000}, unhandledPromptBehavior: dismiss and notify, webauthn:extension:credBlob: true, webauthn:extension:largeBlob: true, webauthn:virtualAuthenticators: true}
Element: [[ChromeDriver: chrome on WINDOWS (77adaafef023d774b39d8f62777d8423)] -&amp;gt; xpath: //span[@id=&amp;apos;username-offscreen&amp;apos;]]
Session ID: 77adaafef023d774b39d8f62777d8423">
      <![CDATA[org.openqa.selenium.ElementClickInterceptedException: element click intercepted: Element <span class="d-lg-none" id="username-offscreen">...</span> is not clickable at point (713, 54). Other element would receive the click: <div class="modal in" id="modal-id" tabindex="-1" role="dialog" style="display: block; padding-right: 10px;">...</div>
  (Session info: headless chrome=109.0.5414.75)
Build info: version: '4.7.2', revision: '4d4020c3b7'
System info: os.name: 'Windows 10', os.arch: 'amd64', os.version: '10.0', java.version: '17.0.4.1'
Driver info: org.openqa.selenium.chrome.ChromeDriver
Command: [77adaafef023d774b39d8f62777d8423, clickElement {id=a54907d8-8dad-4332-aa29-e6f8bed32744}]
Capabilities {acceptInsecureCerts: false, browserName: chrome, browserVersion: 109.0.5414.75, chrome: {chromedriverVersion: 109.0.5414.74 (e7c5703604da..., userDataDir: C:\Users\Dell\AppData\Local...}, goog:chromeOptions: {debuggerAddress: localhost:52409}, networkConnectionEnabled: false, pageLoadStrategy: normal, platformName: WINDOWS, proxy: Proxy(), se:cdp: ws://localhost:52409/devtoo..., se:cdpVersion: 109.0.5414.75, setWindowRect: true, strictFileInteractability: false, timeouts: {implicit: 0, pageLoad: 300000, script: 30000}, unhandledPromptBehavior: dismiss and notify, webauthn:extension:credBlob: true, webauthn:extension:largeBlob: true, webauthn:virtualAuthenticators: true}
Element: [[ChromeDriver: chrome on WINDOWS (77adaafef023d774b39d8f62777d8423)] -> xpath: //span[@id='username-offscreen']]
Session ID: 77adaafef023d774b39d8f62777d8423
at org.openqa.selenium.remote.codec.w3c.W3CHttpResponseCodec.createException(W3CHttpResponseCodec.java:200)
at org.openqa.selenium.remote.codec.w3c.W3CHttpResponseCodec.decode(W3CHttpResponseCodec.java:133)
at org.openqa.selenium.remote.codec.w3c.W3CHttpResponseCodec.decode(W3CHttpResponseCodec.java:53)
at org.openqa.selenium.remote.HttpCommandExecutor.execute(HttpCommandExecutor.java:184)
at org.openqa.selenium.remote.service.DriverCommandExecutor.invokeExecute(DriverCommandExecutor.java:167)
at org.openqa.selenium.remote.service.DriverCommandExecutor.execute(DriverCommandExecutor.java:142)
at org.openqa.selenium.remote.RemoteWebDriver.execute(RemoteWebDriver.java:535)
at org.openqa.selenium.remote.RemoteWebElement.execute(RemoteWebElement.java:257)
at org.openqa.selenium.remote.RemoteWebElement.click(RemoteWebElement.java:78)
at org.openqa.selenium.support.pagefactory.internal.LocatingElementHandler.invoke(LocatingElementHandler.java:52)
at jdk.proxy2/jdk.proxy2.$Proxy16.click(Unknown Source)
at objectRepo.LoginPage.currentuser(LoginPage.java:69)
at common.Common.logout(Common.java:127)
at testCase.Listeners.onTestSuccess(Listeners.java:35)
at java.base/java.util.ArrayList.forEach(ArrayList.java:1511)
... Removed 32 stack frames]]>
    </failure>
  </testcase> <!-- TC_325 -->
  <testcase classname="testCase.Login" name="login" time="0.0">
    <ignored/>
  </testcase> <!-- login -->
  <testcase classname="testCase.DefaceStampTC" name="TC_322" time="0.0">
    <ignored/>
  </testcase> <!-- TC_322 -->
</testsuite> <!-- Test -->
