<?xml version="1.0" encoding="UTF-8"?>
<!-- Generated by org.testng.reporters.JUnitReportReporter -->
<testsuite hostname="DESKTOP-C69FE4D" failures="0" tests="39" name="testCase.VendorLicenseeManagementTC" time="126.761" errors="2" timestamp="2023-01-20T13:45:31 IST" skipped="37">
  <testcase classname="testCase.VendorLicenseeManagementTC" name="TC_430" time="6.577">
    <skipped/>
  </testcase> <!-- TC_430 -->
  <system-out/>
  <testcase classname="testCase.VendorLicenseeManagementTC" name="TC_424" time="60.103">
    <error message="Expected condition failed: waiting for element to be clickable: Proxy element for: DefaultElementLocator &#039;By.xpath: //li/a[contains(text(),&#039;User Management&#039;)]&#039; (tried for 30 second(s) with 500 milliseconds interval)" type="org.openqa.selenium.TimeoutException">
      <![CDATA[org.openqa.selenium.TimeoutException: Expected condition failed: waiting for element to be clickable: Proxy element for: DefaultElementLocator 'By.xpath: //li/a[contains(text(),'User Management')]' (tried for 30 second(s) with 500 milliseconds interval)
at org.openqa.selenium.support.ui.WebDriverWait.timeoutException(WebDriverWait.java:87)
at org.openqa.selenium.support.ui.FluentWait.until(FluentWait.java:231)
at common.Common.explicitWait(Common.java:134)
at objectRepo.VenedorLicenseeManagementPage.userManagementMenu(VenedorLicenseeManagementPage.java:137)
at testCase.VendorLicenseeManagementTC.TC_424(VendorLicenseeManagementTC.java:41)
at java.base/jdk.internal.reflect.NativeMethodAccessorImpl.invoke0(Native Method)
at java.base/jdk.internal.reflect.NativeMethodAccessorImpl.invoke(NativeMethodAccessorImpl.java:77)
at java.base/jdk.internal.reflect.DelegatingMethodAccessorImpl.invoke(DelegatingMethodAccessorImpl.java:43)
at java.base/java.lang.reflect.Method.invoke(Method.java:568)
at org.testng.internal.MethodInvocationHelper.invokeMethod(MethodInvocationHelper.java:133)
at org.testng.internal.TestInvoker.invokeMethod(TestInvoker.java:598)
at org.testng.internal.TestInvoker.invokeTestMethod(TestInvoker.java:173)
at org.testng.internal.MethodRunner.runInSequence(MethodRunner.java:46)
at org.testng.internal.TestInvoker$MethodInvocationAgent.invoke(TestInvoker.java:824)
at org.testng.internal.TestInvoker.invokeTestMethods(TestInvoker.java:146)
at org.testng.internal.TestMethodWorker.invokeTestMethods(TestMethodWorker.java:146)
at org.testng.internal.TestMethodWorker.run(TestMethodWorker.java:128)
at java.base/java.util.ArrayList.forEach(ArrayList.java:1511)
at org.testng.TestRunner.privateRun(TestRunner.java:794)
at org.testng.TestRunner.run(TestRunner.java:596)
at org.testng.SuiteRunner.runTest(SuiteRunner.java:377)
at org.testng.SuiteRunner.runSequentially(SuiteRunner.java:371)
at org.testng.SuiteRunner.privateRun(SuiteRunner.java:332)
at org.testng.SuiteRunner.run(SuiteRunner.java:276)
at org.testng.SuiteRunnerWorker.runSuite(SuiteRunnerWorker.java:53)
at org.testng.SuiteRunnerWorker.run(SuiteRunnerWorker.java:96)
at org.testng.TestNG.runSuitesSequentially(TestNG.java:1212)
at org.testng.TestNG.runSuitesLocally(TestNG.java:1134)
at org.testng.TestNG.runSuites(TestNG.java:1063)
at org.testng.TestNG.run(TestNG.java:1031)
at org.testng.remote.AbstractRemoteTestNG.run(AbstractRemoteTestNG.java:115)
at org.testng.remote.RemoteTestNG.initAndRun(RemoteTestNG.java:251)
at org.testng.remote.RemoteTestNG.main(RemoteTestNG.java:77)
Caused by: org.openqa.selenium.NoSuchElementException: no such element: Unable to locate element: {"method":"xpath","selector":"//li/a[contains(text(),'User Management')]"}
  (Session info: headless chrome=109.0.5414.75)
For documentation on this error, please visit: https://selenium.dev/exceptions/#no_such_element
Build info: version: '4.7.2', revision: '4d4020c3b7'
System info: os.name: 'Windows 10', os.arch: 'amd64', os.version: '10.0', java.version: '17.0.4.1'
Driver info: org.openqa.selenium.chrome.ChromeDriver
Command: [1d37932b74b51e0a3afd0c73663316c1, findElement {using=xpath, value=//li/a[contains(text(),'User Management')]}]
Capabilities {acceptInsecureCerts: false, browserName: chrome, browserVersion: 109.0.5414.75, chrome: {chromedriverVersion: 109.0.5414.74 (e7c5703604da..., userDataDir: C:\Users\Dell\AppData\Local...}, goog:chromeOptions: {debuggerAddress: localhost:51628}, networkConnectionEnabled: false, pageLoadStrategy: normal, platformName: WINDOWS, proxy: Proxy(), se:cdp: ws://localhost:51628/devtoo..., se:cdpVersion: 109.0.5414.75, setWindowRect: true, strictFileInteractability: false, timeouts: {implicit: 0, pageLoad: 300000, script: 30000}, unhandledPromptBehavior: dismiss and notify, webauthn:extension:credBlob: true, webauthn:extension:largeBlob: true, webauthn:virtualAuthenticators: true}
Session ID: 1d37932b74b51e0a3afd0c73663316c1
at java.base/jdk.internal.reflect.NativeConstructorAccessorImpl.newInstance0(Native Method)
at java.base/jdk.internal.reflect.NativeConstructorAccessorImpl.newInstance(NativeConstructorAccessorImpl.java:77)
at java.base/jdk.internal.reflect.DelegatingConstructorAccessorImpl.newInstance(DelegatingConstructorAccessorImpl.java:45)
at java.base/java.lang.reflect.Constructor.newInstanceWithCaller(Constructor.java:499)
at java.base/java.lang.reflect.Constructor.newInstance(Constructor.java:480)
at org.openqa.selenium.remote.codec.w3c.W3CHttpResponseCodec.createException(W3CHttpResponseCodec.java:200)
at org.openqa.selenium.remote.codec.w3c.W3CHttpResponseCodec.decode(W3CHttpResponseCodec.java:133)
at org.openqa.selenium.remote.codec.w3c.W3CHttpResponseCodec.decode(W3CHttpResponseCodec.java:53)
at org.openqa.selenium.remote.HttpCommandExecutor.execute(HttpCommandExecutor.java:184)
at org.openqa.selenium.remote.service.DriverCommandExecutor.invokeExecute(DriverCommandExecutor.java:167)
at org.openqa.selenium.remote.service.DriverCommandExecutor.execute(DriverCommandExecutor.java:142)
at org.openqa.selenium.remote.RemoteWebDriver.execute(RemoteWebDriver.java:535)
at org.openqa.selenium.remote.ElementLocation$ElementFinder$2.findElement(ElementLocation.java:162)
at org.openqa.selenium.remote.ElementLocation.findElement(ElementLocation.java:60)
at org.openqa.selenium.remote.RemoteWebDriver.findElement(RemoteWebDriver.java:351)
at org.openqa.selenium.remote.RemoteWebDriver.findElement(RemoteWebDriver.java:343)
at org.openqa.selenium.support.pagefactory.DefaultElementLocator.findElement(DefaultElementLocator.java:70)
at org.openqa.selenium.support.pagefactory.internal.LocatingElementHandler.invoke(LocatingElementHandler.java:39)
at jdk.proxy2/jdk.proxy2.$Proxy17.isDisplayed(Unknown Source)
at org.openqa.selenium.support.ui.ExpectedConditions.elementIfVisible(ExpectedConditions.java:307)
at org.openqa.selenium.support.ui.ExpectedConditions.access$000(ExpectedConditions.java:40)
at org.openqa.selenium.support.ui.ExpectedConditions$10.apply(ExpectedConditions.java:293)
at org.openqa.selenium.support.ui.ExpectedConditions$10.apply(ExpectedConditions.java:290)
at org.openqa.selenium.support.ui.ExpectedConditions$23.apply(ExpectedConditions.java:660)
at org.openqa.selenium.support.ui.ExpectedConditions$23.apply(ExpectedConditions.java:656)
at org.openqa.selenium.support.ui.FluentWait.until(FluentWait.java:208)
... 31 more
]]>
    </error>
  </testcase> <!-- TC_424 -->
  <system-out/>
  <testcase classname="testCase.VendorLicenseeManagementTC" name="TC_443" time="0.000">
    <skipped/>
  </testcase> <!-- TC_443 -->
  <system-out/>
  <testcase classname="testCase.VendorLicenseeManagementTC" name="TC_449" time="0.000">
    <skipped/>
  </testcase> <!-- TC_449 -->
  <system-out/>
  <testcase classname="testCase.VendorLicenseeManagementTC" name="TC_440" time="0.000">
    <skipped/>
  </testcase> <!-- TC_440 -->
  <system-out/>
  <testcase classname="testCase.VendorLicenseeManagementTC" name="TC_441" time="0.000">
    <skipped/>
  </testcase> <!-- TC_441 -->
  <system-out/>
  <testcase classname="testCase.VendorLicenseeManagementTC" name="TC_455" time="0.000">
    <skipped/>
  </testcase> <!-- TC_455 -->
  <system-out/>
  <testcase classname="testCase.VendorLicenseeManagementTC" name="TC_425" time="0.000">
    <skipped/>
  </testcase> <!-- TC_425 -->
  <system-out/>
  <testcase classname="testCase.VendorLicenseeManagementTC" name="TC_460" time="0.000">
    <skipped/>
  </testcase> <!-- TC_460 -->
  <system-out/>
  <testcase classname="testCase.VendorLicenseeManagementTC" name="TC_466" time="0.000">
    <skipped/>
  </testcase> <!-- TC_466 -->
  <system-out/>
  <testcase classname="testCase.VendorLicenseeManagementTC" name="TC_427" time="0.000">
    <skipped/>
  </testcase> <!-- TC_427 -->
  <system-out/>
  <testcase classname="testCase.VendorLicenseeManagementTC" name="TC_437" time="0.000">
    <skipped/>
  </testcase> <!-- TC_437 -->
  <system-out/>
  <testcase classname="testCase.VendorLicenseeManagementTC" name="TC_454" time="0.000">
    <skipped/>
  </testcase> <!-- TC_454 -->
  <system-out/>
  <testcase classname="testCase.VendorLicenseeManagementTC" name="TC_465" time="0.000">
    <skipped/>
  </testcase> <!-- TC_465 -->
  <system-out/>
  <testcase classname="testCase.VendorLicenseeManagementTC" name="TC_451" time="0.000">
    <skipped/>
  </testcase> <!-- TC_451 -->
  <system-out/>
  <testcase classname="testCase.VendorLicenseeManagementTC" name="TC_464" time="0.000">
    <skipped/>
  </testcase> <!-- TC_464 -->
  <system-out/>
  <testcase classname="testCase.VendorLicenseeManagementTC" name="TC_435" time="0.000">
    <skipped/>
  </testcase> <!-- TC_435 -->
  <system-out/>
  <testcase classname="testCase.VendorLicenseeManagementTC" name="TC_459" time="0.000">
    <skipped/>
  </testcase> <!-- TC_459 -->
  <system-out/>
  <testcase classname="testCase.VendorLicenseeManagementTC" name="TC_434" time="0.000">
    <skipped/>
  </testcase> <!-- TC_434 -->
  <system-out/>
  <testcase classname="testCase.VendorLicenseeManagementTC" name="afterExecution" time="60.081">
    <error message="Expected condition failed: waiting for element to be clickable: Proxy element for: DefaultElementLocator &#039;By.xpath: //span[@id=&#039;username-offscreen&#039;]&#039; (tried for 30 second(s) with 500 milliseconds interval)" type="org.openqa.selenium.TimeoutException">
      <![CDATA[org.openqa.selenium.TimeoutException: Expected condition failed: waiting for element to be clickable: Proxy element for: DefaultElementLocator 'By.xpath: //span[@id='username-offscreen']' (tried for 30 second(s) with 500 milliseconds interval)
at org.openqa.selenium.support.ui.WebDriverWait.timeoutException(WebDriverWait.java:87)
at org.openqa.selenium.support.ui.FluentWait.until(FluentWait.java:231)
at common.Common.explicitWait(Common.java:134)
at objectRepo.LoginPage.currentuser(LoginPage.java:68)
at common.Common.logout(Common.java:127)
at testCase.VendorLicenseeManagementTC.afterExecution(VendorLicenseeManagementTC.java:34)
at java.base/jdk.internal.reflect.NativeMethodAccessorImpl.invoke0(Native Method)
at java.base/jdk.internal.reflect.NativeMethodAccessorImpl.invoke(NativeMethodAccessorImpl.java:77)
at java.base/jdk.internal.reflect.DelegatingMethodAccessorImpl.invoke(DelegatingMethodAccessorImpl.java:43)
at java.base/java.lang.reflect.Method.invoke(Method.java:568)
at org.testng.internal.MethodInvocationHelper.invokeMethod(MethodInvocationHelper.java:133)
at org.testng.internal.MethodInvocationHelper.invokeMethodConsideringTimeout(MethodInvocationHelper.java:62)
at org.testng.internal.ConfigInvoker.invokeConfigurationMethod(ConfigInvoker.java:385)
at org.testng.internal.ConfigInvoker.invokeConfigurations(ConfigInvoker.java:321)
at org.testng.internal.TestInvoker.runConfigMethods(TestInvoker.java:700)
at org.testng.internal.TestInvoker.runAfterGroupsConfigurations(TestInvoker.java:676)
at org.testng.internal.TestInvoker.invokeMethod(TestInvoker.java:660)
at org.testng.internal.TestInvoker.invokeTestMethod(TestInvoker.java:173)
at org.testng.internal.MethodRunner.runInSequence(MethodRunner.java:46)
at org.testng.internal.TestInvoker$MethodInvocationAgent.invoke(TestInvoker.java:824)
at org.testng.internal.TestInvoker.invokeTestMethods(TestInvoker.java:146)
at org.testng.internal.TestMethodWorker.invokeTestMethods(TestMethodWorker.java:146)
at org.testng.internal.TestMethodWorker.run(TestMethodWorker.java:128)
at java.base/java.util.ArrayList.forEach(ArrayList.java:1511)
at org.testng.TestRunner.privateRun(TestRunner.java:794)
at org.testng.TestRunner.run(TestRunner.java:596)
at org.testng.SuiteRunner.runTest(SuiteRunner.java:377)
at org.testng.SuiteRunner.runSequentially(SuiteRunner.java:371)
at org.testng.SuiteRunner.privateRun(SuiteRunner.java:332)
at org.testng.SuiteRunner.run(SuiteRunner.java:276)
at org.testng.SuiteRunnerWorker.runSuite(SuiteRunnerWorker.java:53)
at org.testng.SuiteRunnerWorker.run(SuiteRunnerWorker.java:96)
at org.testng.TestNG.runSuitesSequentially(TestNG.java:1212)
at org.testng.TestNG.runSuitesLocally(TestNG.java:1134)
at org.testng.TestNG.runSuites(TestNG.java:1063)
at org.testng.TestNG.run(TestNG.java:1031)
at org.testng.remote.AbstractRemoteTestNG.run(AbstractRemoteTestNG.java:115)
at org.testng.remote.RemoteTestNG.initAndRun(RemoteTestNG.java:251)
at org.testng.remote.RemoteTestNG.main(RemoteTestNG.java:77)
Caused by: org.openqa.selenium.NoSuchElementException: no such element: Unable to locate element: {"method":"xpath","selector":"//span[@id='username-offscreen']"}
  (Session info: headless chrome=109.0.5414.75)
For documentation on this error, please visit: https://selenium.dev/exceptions/#no_such_element
Build info: version: '4.7.2', revision: '4d4020c3b7'
System info: os.name: 'Windows 10', os.arch: 'amd64', os.version: '10.0', java.version: '17.0.4.1'
Driver info: org.openqa.selenium.chrome.ChromeDriver
Command: [1d37932b74b51e0a3afd0c73663316c1, findElement {using=xpath, value=//span[@id='username-offscreen']}]
Capabilities {acceptInsecureCerts: false, browserName: chrome, browserVersion: 109.0.5414.75, chrome: {chromedriverVersion: 109.0.5414.74 (e7c5703604da..., userDataDir: C:\Users\Dell\AppData\Local...}, goog:chromeOptions: {debuggerAddress: localhost:51628}, networkConnectionEnabled: false, pageLoadStrategy: normal, platformName: WINDOWS, proxy: Proxy(), se:cdp: ws://localhost:51628/devtoo..., se:cdpVersion: 109.0.5414.75, setWindowRect: true, strictFileInteractability: false, timeouts: {implicit: 0, pageLoad: 300000, script: 30000}, unhandledPromptBehavior: dismiss and notify, webauthn:extension:credBlob: true, webauthn:extension:largeBlob: true, webauthn:virtualAuthenticators: true}
Session ID: 1d37932b74b51e0a3afd0c73663316c1
at java.base/jdk.internal.reflect.NativeConstructorAccessorImpl.newInstance0(Native Method)
at java.base/jdk.internal.reflect.NativeConstructorAccessorImpl.newInstance(NativeConstructorAccessorImpl.java:77)
at java.base/jdk.internal.reflect.DelegatingConstructorAccessorImpl.newInstance(DelegatingConstructorAccessorImpl.java:45)
at java.base/java.lang.reflect.Constructor.newInstanceWithCaller(Constructor.java:499)
at java.base/java.lang.reflect.Constructor.newInstance(Constructor.java:480)
at org.openqa.selenium.remote.codec.w3c.W3CHttpResponseCodec.createException(W3CHttpResponseCodec.java:200)
at org.openqa.selenium.remote.codec.w3c.W3CHttpResponseCodec.decode(W3CHttpResponseCodec.java:133)
at org.openqa.selenium.remote.codec.w3c.W3CHttpResponseCodec.decode(W3CHttpResponseCodec.java:53)
at org.openqa.selenium.remote.HttpCommandExecutor.execute(HttpCommandExecutor.java:184)
at org.openqa.selenium.remote.service.DriverCommandExecutor.invokeExecute(DriverCommandExecutor.java:167)
at org.openqa.selenium.remote.service.DriverCommandExecutor.execute(DriverCommandExecutor.java:142)
at org.openqa.selenium.remote.RemoteWebDriver.execute(RemoteWebDriver.java:535)
at org.openqa.selenium.remote.ElementLocation$ElementFinder$2.findElement(ElementLocation.java:162)
at org.openqa.selenium.remote.ElementLocation.findElement(ElementLocation.java:60)
at org.openqa.selenium.remote.RemoteWebDriver.findElement(RemoteWebDriver.java:351)
at org.openqa.selenium.remote.RemoteWebDriver.findElement(RemoteWebDriver.java:343)
at org.openqa.selenium.support.pagefactory.DefaultElementLocator.findElement(DefaultElementLocator.java:70)
at org.openqa.selenium.support.pagefactory.internal.LocatingElementHandler.invoke(LocatingElementHandler.java:39)
at jdk.proxy2/jdk.proxy2.$Proxy17.isDisplayed(Unknown Source)
at org.openqa.selenium.support.ui.ExpectedConditions.elementIfVisible(ExpectedConditions.java:307)
at org.openqa.selenium.support.ui.ExpectedConditions.access$000(ExpectedConditions.java:40)
at org.openqa.selenium.support.ui.ExpectedConditions$10.apply(ExpectedConditions.java:293)
at org.openqa.selenium.support.ui.ExpectedConditions$10.apply(ExpectedConditions.java:290)
at org.openqa.selenium.support.ui.ExpectedConditions$23.apply(ExpectedConditions.java:660)
at org.openqa.selenium.support.ui.ExpectedConditions$23.apply(ExpectedConditions.java:656)
at org.openqa.selenium.support.ui.FluentWait.until(FluentWait.java:208)
... 37 more
]]>
    </error>
  </testcase> <!-- afterExecution -->
  <system-out/>
  <testcase classname="testCase.VendorLicenseeManagementTC" name="TC_458" time="0.000">
    <skipped/>
  </testcase> <!-- TC_458 -->
  <system-out/>
  <testcase classname="testCase.VendorLicenseeManagementTC" name="TC_426" time="0.000">
    <skipped/>
  </testcase> <!-- TC_426 -->
  <system-out/>
  <testcase classname="testCase.VendorLicenseeManagementTC" name="TC_447" time="0.000">
    <skipped/>
  </testcase> <!-- TC_447 -->
  <system-out/>
  <testcase classname="testCase.VendorLicenseeManagementTC" name="TC_474" time="0.000">
    <skipped/>
  </testcase> <!-- TC_474 -->
  <system-out/>
  <testcase classname="testCase.VendorLicenseeManagementTC" name="TC_442" time="0.000">
    <skipped/>
  </testcase> <!-- TC_442 -->
  <system-out/>
  <testcase classname="testCase.VendorLicenseeManagementTC" name="TC_436" time="0.000">
    <skipped/>
  </testcase> <!-- TC_436 -->
  <system-out/>
  <testcase classname="testCase.VendorLicenseeManagementTC" name="TC_452" time="0.000">
    <skipped/>
  </testcase> <!-- TC_452 -->
  <system-out/>
  <testcase classname="testCase.VendorLicenseeManagementTC" name="TC_438" time="0.000">
    <skipped/>
  </testcase> <!-- TC_438 -->
  <system-out/>
  <testcase classname="testCase.VendorLicenseeManagementTC" name="TC_445" time="0.000">
    <skipped/>
  </testcase> <!-- TC_445 -->
  <system-out/>
  <testcase classname="testCase.VendorLicenseeManagementTC" name="TC_444" time="0.000">
    <skipped/>
  </testcase> <!-- TC_444 -->
  <system-out/>
  <testcase classname="testCase.VendorLicenseeManagementTC" name="TC_462" time="0.000">
    <skipped/>
  </testcase> <!-- TC_462 -->
  <system-out/>
  <testcase classname="testCase.VendorLicenseeManagementTC" name="TC_428" time="0.000">
    <skipped/>
  </testcase> <!-- TC_428 -->
  <system-out/>
  <testcase classname="testCase.VendorLicenseeManagementTC" name="TC_446" time="0.000">
    <skipped/>
  </testcase> <!-- TC_446 -->
  <system-out/>
  <testcase classname="testCase.VendorLicenseeManagementTC" name="TC_450" time="0.000">
    <skipped/>
  </testcase> <!-- TC_450 -->
  <system-out/>
  <testcase classname="testCase.VendorLicenseeManagementTC" name="TC_463" time="0.000">
    <skipped/>
  </testcase> <!-- TC_463 -->
  <system-out/>
  <testcase classname="testCase.VendorLicenseeManagementTC" name="TC_448" time="0.000">
    <skipped/>
  </testcase> <!-- TC_448 -->
  <system-out/>
  <testcase classname="testCase.VendorLicenseeManagementTC" name="TC_453" time="0.000">
    <skipped/>
  </testcase> <!-- TC_453 -->
  <system-out/>
  <testcase classname="testCase.VendorLicenseeManagementTC" name="TC_433" time="0.000">
    <skipped/>
  </testcase> <!-- TC_433 -->
  <system-out/>
  <testcase classname="testCase.VendorLicenseeManagementTC" name="TC_456" time="0.000">
    <skipped/>
  </testcase> <!-- TC_456 -->
  <system-out/>
</testsuite> <!-- testCase.VendorLicenseeManagementTC -->
