<?xml version="1.0" encoding="UTF-8"?>
<!-- Generated by org.testng.reporters.JUnitReportReporter -->
<testsuite hostname="DESKTOP-C69FE4D" failures="0" tests="53" name="testCase.UserManagementTC" time="126.621" errors="2" timestamp="2023-01-20T13:45:31 IST" skipped="51">
  <testcase classname="testCase.UserManagementTC" name="TC_419" time="6.458">
    <skipped/>
  </testcase> <!-- TC_419 -->
  <system-out/>
  <testcase classname="testCase.UserManagementTC" name="TC_389" time="0.000">
    <skipped/>
  </testcase> <!-- TC_389 -->
  <system-out/>
  <testcase classname="testCase.UserManagementTC" name="TC_387" time="0.000">
    <skipped/>
  </testcase> <!-- TC_387 -->
  <system-out/>
  <testcase classname="testCase.UserManagementTC" name="TC_386" time="0.000">
    <skipped/>
  </testcase> <!-- TC_386 -->
  <system-out/>
  <testcase classname="testCase.UserManagementTC" name="TC_396" time="0.000">
    <skipped/>
  </testcase> <!-- TC_396 -->
  <system-out/>
  <testcase classname="testCase.UserManagementTC" name="TC_414" time="0.000">
    <skipped/>
  </testcase> <!-- TC_414 -->
  <system-out/>
  <testcase classname="testCase.UserManagementTC" name="TC_377" time="0.000">
    <skipped/>
  </testcase> <!-- TC_377 -->
  <system-out/>
  <testcase classname="testCase.UserManagementTC" name="TC_408" time="0.000">
    <skipped/>
  </testcase> <!-- TC_408 -->
  <system-out/>
  <testcase classname="testCase.UserManagementTC" name="TC_406" time="0.000">
    <skipped/>
  </testcase> <!-- TC_406 -->
  <system-out/>
  <testcase classname="testCase.UserManagementTC" name="TC_410" time="0.000">
    <skipped/>
  </testcase> <!-- TC_410 -->
  <system-out/>
  <testcase classname="testCase.UserManagementTC" name="TC_390" time="0.000">
    <skipped/>
  </testcase> <!-- TC_390 -->
  <system-out/>
  <testcase classname="testCase.UserManagementTC" name="TC_422" time="0.000">
    <skipped/>
  </testcase> <!-- TC_422 -->
  <system-out/>
  <testcase classname="testCase.UserManagementTC" name="TC_365" time="0.000">
    <skipped/>
  </testcase> <!-- TC_365 -->
  <system-out/>
  <testcase classname="testCase.UserManagementTC" name="TC_364" time="60.112">
    <error message="Expected condition failed: waiting for element to be clickable: Proxy element for: DefaultElementLocator &#039;By.xpath: //li/a[contains(text(),&#039;User Management&#039;)]&#039; (tried for 30 second(s) with 500 milliseconds interval)" type="org.openqa.selenium.TimeoutException">
      <![CDATA[org.openqa.selenium.TimeoutException: Expected condition failed: waiting for element to be clickable: Proxy element for: DefaultElementLocator 'By.xpath: //li/a[contains(text(),'User Management')]' (tried for 30 second(s) with 500 milliseconds interval)
at org.openqa.selenium.support.ui.WebDriverWait.timeoutException(WebDriverWait.java:87)
at org.openqa.selenium.support.ui.FluentWait.until(FluentWait.java:231)
at common.Common.explicitWait(Common.java:134)
at objectRepo.UserManagement.userManagementMenu(UserManagement.java:265)
at testCase.UserManagementTC.TC_364(UserManagementTC.java:44)
at java.base/jdk.internal.reflect.NativeMethodAccessorImpl.invoke0(Native Method)
at java.base/jdk.internal.reflect.NativeMethodAccessorImpl.invoke(NativeMethodAccessorImpl.java:77)
at java.base/jdk.internal.reflect.DelegatingMethodAccessorImpl.invoke(DelegatingMethodAccessorImpl.java:43)
at java.base/java.lang.reflect.Method.invoke(Method.java:568)
at org.testng.internal.MethodInvocationHelper.invokeMethod(MethodInvocationHelper.java:133)
at org.testng.internal.TestInvoker.invokeMethod(TestInvoker.java:598)
at org.testng.internal.TestInvoker.invokeTestMethod(TestInvoker.java:173)
at org.testng.internal.MethodRunner.runInSequence(MethodRunner.java:46)
at org.testng.internal.TestInvoker$MethodInvocationAgent.invoke(TestInvoker.java:824)
at org.testng.internal.TestInvoker.invokeTestMethods(TestInvoker.java:146)
at org.testng.internal.TestMethodWorker.invokeTestMethods(TestMethodWorker.java:146)
at org.testng.internal.TestMethodWorker.run(TestMethodWorker.java:128)
at java.base/java.util.ArrayList.forEach(ArrayList.java:1511)
at org.testng.TestRunner.privateRun(TestRunner.java:794)
at org.testng.TestRunner.run(TestRunner.java:596)
at org.testng.SuiteRunner.runTest(SuiteRunner.java:377)
at org.testng.SuiteRunner.runSequentially(SuiteRunner.java:371)
at org.testng.SuiteRunner.privateRun(SuiteRunner.java:332)
at org.testng.SuiteRunner.run(SuiteRunner.java:276)
at org.testng.SuiteRunnerWorker.runSuite(SuiteRunnerWorker.java:53)
at org.testng.SuiteRunnerWorker.run(SuiteRunnerWorker.java:96)
at org.testng.TestNG.runSuitesSequentially(TestNG.java:1212)
at org.testng.TestNG.runSuitesLocally(TestNG.java:1134)
at org.testng.TestNG.runSuites(TestNG.java:1063)
at org.testng.TestNG.run(TestNG.java:1031)
at org.testng.remote.AbstractRemoteTestNG.run(AbstractRemoteTestNG.java:115)
at org.testng.remote.RemoteTestNG.initAndRun(RemoteTestNG.java:251)
at org.testng.remote.RemoteTestNG.main(RemoteTestNG.java:77)
Caused by: org.openqa.selenium.NoSuchElementException: no such element: Unable to locate element: {"method":"xpath","selector":"//li/a[contains(text(),'User Management')]"}
  (Session info: headless chrome=109.0.5414.75)
For documentation on this error, please visit: https://selenium.dev/exceptions/#no_such_element
Build info: version: '4.7.2', revision: '4d4020c3b7'
System info: os.name: 'Windows 10', os.arch: 'amd64', os.version: '10.0', java.version: '17.0.4.1'
Driver info: org.openqa.selenium.chrome.ChromeDriver
Command: [b0026add153c187eccb1e7c28a2a7002, findElement {using=xpath, value=//li/a[contains(text(),'User Management')]}]
Capabilities {acceptInsecureCerts: false, browserName: chrome, browserVersion: 109.0.5414.75, chrome: {chromedriverVersion: 109.0.5414.74 (e7c5703604da..., userDataDir: C:\Users\Dell\AppData\Local...}, goog:chromeOptions: {debuggerAddress: localhost:51685}, networkConnectionEnabled: false, pageLoadStrategy: normal, platformName: WINDOWS, proxy: Proxy(), se:cdp: ws://localhost:51685/devtoo..., se:cdpVersion: 109.0.5414.75, setWindowRect: true, strictFileInteractability: false, timeouts: {implicit: 0, pageLoad: 300000, script: 30000}, unhandledPromptBehavior: dismiss and notify, webauthn:extension:credBlob: true, webauthn:extension:largeBlob: true, webauthn:virtualAuthenticators: true}
Session ID: b0026add153c187eccb1e7c28a2a7002
at jdk.internal.reflect.GeneratedConstructorAccessor16.newInstance(Unknown Source)
at java.base/jdk.internal.reflect.DelegatingConstructorAccessorImpl.newInstance(DelegatingConstructorAccessorImpl.java:45)
at java.base/java.lang.reflect.Constructor.newInstanceWithCaller(Constructor.java:499)
at java.base/java.lang.reflect.Constructor.newInstance(Constructor.java:480)
at org.openqa.selenium.remote.codec.w3c.W3CHttpResponseCodec.createException(W3CHttpResponseCodec.java:200)
at org.openqa.selenium.remote.codec.w3c.W3CHttpResponseCodec.decode(W3CHttpResponseCodec.java:133)
at org.openqa.selenium.remote.codec.w3c.W3CHttpResponseCodec.decode(W3CHttpResponseCodec.java:53)
at org.openqa.selenium.remote.HttpCommandExecutor.execute(HttpCommandExecutor.java:184)
at org.openqa.selenium.remote.service.DriverCommandExecutor.invokeExecute(DriverCommandExecutor.java:167)
at org.openqa.selenium.remote.service.DriverCommandExecutor.execute(DriverCommandExecutor.java:142)
at org.openqa.selenium.remote.RemoteWebDriver.execute(RemoteWebDriver.java:535)
at org.openqa.selenium.remote.ElementLocation$ElementFinder$2.findElement(ElementLocation.java:162)
at org.openqa.selenium.remote.ElementLocation.findElement(ElementLocation.java:60)
at org.openqa.selenium.remote.RemoteWebDriver.findElement(RemoteWebDriver.java:351)
at org.openqa.selenium.remote.RemoteWebDriver.findElement(RemoteWebDriver.java:343)
at org.openqa.selenium.support.pagefactory.DefaultElementLocator.findElement(DefaultElementLocator.java:70)
at org.openqa.selenium.support.pagefactory.internal.LocatingElementHandler.invoke(LocatingElementHandler.java:39)
at jdk.proxy2/jdk.proxy2.$Proxy17.isDisplayed(Unknown Source)
at org.openqa.selenium.support.ui.ExpectedConditions.elementIfVisible(ExpectedConditions.java:307)
at org.openqa.selenium.support.ui.ExpectedConditions.access$000(ExpectedConditions.java:40)
at org.openqa.selenium.support.ui.ExpectedConditions$10.apply(ExpectedConditions.java:293)
at org.openqa.selenium.support.ui.ExpectedConditions$10.apply(ExpectedConditions.java:290)
at org.openqa.selenium.support.ui.ExpectedConditions$23.apply(ExpectedConditions.java:660)
at org.openqa.selenium.support.ui.ExpectedConditions$23.apply(ExpectedConditions.java:656)
at org.openqa.selenium.support.ui.FluentWait.until(FluentWait.java:208)
... 31 more
]]>
    </error>
  </testcase> <!-- TC_364 -->
  <system-out/>
  <testcase classname="testCase.UserManagementTC" name="TC_371" time="0.000">
    <skipped/>
  </testcase> <!-- TC_371 -->
  <system-out/>
  <testcase classname="testCase.UserManagementTC" name="TC_402" time="0.000">
    <skipped/>
  </testcase> <!-- TC_402 -->
  <system-out/>
  <testcase classname="testCase.UserManagementTC" name="TC_388" time="0.000">
    <skipped/>
  </testcase> <!-- TC_388 -->
  <system-out/>
  <testcase classname="testCase.UserManagementTC" name="TC_401" time="0.000">
    <skipped/>
  </testcase> <!-- TC_401 -->
  <system-out/>
  <testcase classname="testCase.UserManagementTC" name="TC_421" time="0.000">
    <skipped/>
  </testcase> <!-- TC_421 -->
  <system-out/>
  <testcase classname="testCase.UserManagementTC" name="TC_404" time="0.000">
    <skipped/>
  </testcase> <!-- TC_404 -->
  <system-out/>
  <testcase classname="testCase.UserManagementTC" name="TC_369" time="0.000">
    <skipped/>
  </testcase> <!-- TC_369 -->
  <system-out/>
  <testcase classname="testCase.UserManagementTC" name="TC_392" time="0.000">
    <skipped/>
  </testcase> <!-- TC_392 -->
  <system-out/>
  <testcase classname="testCase.UserManagementTC" name="TC_399" time="0.001">
    <skipped/>
  </testcase> <!-- TC_399 -->
  <system-out/>
  <testcase classname="testCase.UserManagementTC" name="TC_383" time="0.000">
    <skipped/>
  </testcase> <!-- TC_383 -->
  <system-out/>
  <testcase classname="testCase.UserManagementTC" name="TC_374" time="0.000">
    <skipped/>
  </testcase> <!-- TC_374 -->
  <system-out/>
  <testcase classname="testCase.UserManagementTC" name="TC_398" time="0.000">
    <skipped/>
  </testcase> <!-- TC_398 -->
  <system-out/>
  <testcase classname="testCase.UserManagementTC" name="TC_409" time="0.000">
    <skipped/>
  </testcase> <!-- TC_409 -->
  <system-out/>
  <testcase classname="testCase.UserManagementTC" name="TC_395" time="0.000">
    <skipped/>
  </testcase> <!-- TC_395 -->
  <system-out/>
  <testcase classname="testCase.UserManagementTC" name="TC_397" time="0.000">
    <skipped/>
  </testcase> <!-- TC_397 -->
  <system-out/>
  <testcase classname="testCase.UserManagementTC" name="afterExecution" time="60.050">
    <error message="Expected condition failed: waiting for element to be clickable: Proxy element for: DefaultElementLocator &#039;By.xpath: //span[@id=&#039;username-offscreen&#039;]&#039; (tried for 30 second(s) with 500 milliseconds interval)" type="org.openqa.selenium.TimeoutException">
      <![CDATA[org.openqa.selenium.TimeoutException: Expected condition failed: waiting for element to be clickable: Proxy element for: DefaultElementLocator 'By.xpath: //span[@id='username-offscreen']' (tried for 30 second(s) with 500 milliseconds interval)
at org.openqa.selenium.support.ui.WebDriverWait.timeoutException(WebDriverWait.java:87)
at org.openqa.selenium.support.ui.FluentWait.until(FluentWait.java:231)
at common.Common.explicitWait(Common.java:134)
at objectRepo.LoginPage.currentuser(LoginPage.java:68)
at common.Common.logout(Common.java:127)
at testCase.UserManagementTC.afterExecution(UserManagementTC.java:36)
at java.base/jdk.internal.reflect.NativeMethodAccessorImpl.invoke0(Native Method)
at java.base/jdk.internal.reflect.NativeMethodAccessorImpl.invoke(NativeMethodAccessorImpl.java:77)
at java.base/jdk.internal.reflect.DelegatingMethodAccessorImpl.invoke(DelegatingMethodAccessorImpl.java:43)
at java.base/java.lang.reflect.Method.invoke(Method.java:568)
at org.testng.internal.MethodInvocationHelper.invokeMethod(MethodInvocationHelper.java:133)
at org.testng.internal.MethodInvocationHelper.invokeMethodConsideringTimeout(MethodInvocationHelper.java:62)
at org.testng.internal.ConfigInvoker.invokeConfigurationMethod(ConfigInvoker.java:385)
at org.testng.internal.ConfigInvoker.invokeConfigurations(ConfigInvoker.java:321)
at org.testng.internal.TestInvoker.runConfigMethods(TestInvoker.java:700)
at org.testng.internal.TestInvoker.runAfterGroupsConfigurations(TestInvoker.java:676)
at org.testng.internal.TestInvoker.invokeMethod(TestInvoker.java:660)
at org.testng.internal.TestInvoker.invokeTestMethod(TestInvoker.java:173)
at org.testng.internal.MethodRunner.runInSequence(MethodRunner.java:46)
at org.testng.internal.TestInvoker$MethodInvocationAgent.invoke(TestInvoker.java:824)
at org.testng.internal.TestInvoker.invokeTestMethods(TestInvoker.java:146)
at org.testng.internal.TestMethodWorker.invokeTestMethods(TestMethodWorker.java:146)
at org.testng.internal.TestMethodWorker.run(TestMethodWorker.java:128)
at java.base/java.util.ArrayList.forEach(ArrayList.java:1511)
at org.testng.TestRunner.privateRun(TestRunner.java:794)
at org.testng.TestRunner.run(TestRunner.java:596)
at org.testng.SuiteRunner.runTest(SuiteRunner.java:377)
at org.testng.SuiteRunner.runSequentially(SuiteRunner.java:371)
at org.testng.SuiteRunner.privateRun(SuiteRunner.java:332)
at org.testng.SuiteRunner.run(SuiteRunner.java:276)
at org.testng.SuiteRunnerWorker.runSuite(SuiteRunnerWorker.java:53)
at org.testng.SuiteRunnerWorker.run(SuiteRunnerWorker.java:96)
at org.testng.TestNG.runSuitesSequentially(TestNG.java:1212)
at org.testng.TestNG.runSuitesLocally(TestNG.java:1134)
at org.testng.TestNG.runSuites(TestNG.java:1063)
at org.testng.TestNG.run(TestNG.java:1031)
at org.testng.remote.AbstractRemoteTestNG.run(AbstractRemoteTestNG.java:115)
at org.testng.remote.RemoteTestNG.initAndRun(RemoteTestNG.java:251)
at org.testng.remote.RemoteTestNG.main(RemoteTestNG.java:77)
Caused by: org.openqa.selenium.NoSuchElementException: no such element: Unable to locate element: {"method":"xpath","selector":"//span[@id='username-offscreen']"}
  (Session info: headless chrome=109.0.5414.75)
For documentation on this error, please visit: https://selenium.dev/exceptions/#no_such_element
Build info: version: '4.7.2', revision: '4d4020c3b7'
System info: os.name: 'Windows 10', os.arch: 'amd64', os.version: '10.0', java.version: '17.0.4.1'
Driver info: org.openqa.selenium.chrome.ChromeDriver
Command: [b0026add153c187eccb1e7c28a2a7002, findElement {using=xpath, value=//span[@id='username-offscreen']}]
Capabilities {acceptInsecureCerts: false, browserName: chrome, browserVersion: 109.0.5414.75, chrome: {chromedriverVersion: 109.0.5414.74 (e7c5703604da..., userDataDir: C:\Users\Dell\AppData\Local...}, goog:chromeOptions: {debuggerAddress: localhost:51685}, networkConnectionEnabled: false, pageLoadStrategy: normal, platformName: WINDOWS, proxy: Proxy(), se:cdp: ws://localhost:51685/devtoo..., se:cdpVersion: 109.0.5414.75, setWindowRect: true, strictFileInteractability: false, timeouts: {implicit: 0, pageLoad: 300000, script: 30000}, unhandledPromptBehavior: dismiss and notify, webauthn:extension:credBlob: true, webauthn:extension:largeBlob: true, webauthn:virtualAuthenticators: true}
Session ID: b0026add153c187eccb1e7c28a2a7002
at jdk.internal.reflect.GeneratedConstructorAccessor16.newInstance(Unknown Source)
at java.base/jdk.internal.reflect.DelegatingConstructorAccessorImpl.newInstance(DelegatingConstructorAccessorImpl.java:45)
at java.base/java.lang.reflect.Constructor.newInstanceWithCaller(Constructor.java:499)
at java.base/java.lang.reflect.Constructor.newInstance(Constructor.java:480)
at org.openqa.selenium.remote.codec.w3c.W3CHttpResponseCodec.createException(W3CHttpResponseCodec.java:200)
at org.openqa.selenium.remote.codec.w3c.W3CHttpResponseCodec.decode(W3CHttpResponseCodec.java:133)
at org.openqa.selenium.remote.codec.w3c.W3CHttpResponseCodec.decode(W3CHttpResponseCodec.java:53)
at org.openqa.selenium.remote.HttpCommandExecutor.execute(HttpCommandExecutor.java:184)
at org.openqa.selenium.remote.service.DriverCommandExecutor.invokeExecute(DriverCommandExecutor.java:167)
at org.openqa.selenium.remote.service.DriverCommandExecutor.execute(DriverCommandExecutor.java:142)
at org.openqa.selenium.remote.RemoteWebDriver.execute(RemoteWebDriver.java:535)
at org.openqa.selenium.remote.ElementLocation$ElementFinder$2.findElement(ElementLocation.java:162)
at org.openqa.selenium.remote.ElementLocation.findElement(ElementLocation.java:60)
at org.openqa.selenium.remote.RemoteWebDriver.findElement(RemoteWebDriver.java:351)
at org.openqa.selenium.remote.RemoteWebDriver.findElement(RemoteWebDriver.java:343)
at org.openqa.selenium.support.pagefactory.DefaultElementLocator.findElement(DefaultElementLocator.java:70)
at org.openqa.selenium.support.pagefactory.internal.LocatingElementHandler.invoke(LocatingElementHandler.java:39)
at jdk.proxy2/jdk.proxy2.$Proxy17.isDisplayed(Unknown Source)
at org.openqa.selenium.support.ui.ExpectedConditions.elementIfVisible(ExpectedConditions.java:307)
at org.openqa.selenium.support.ui.ExpectedConditions.access$000(ExpectedConditions.java:40)
at org.openqa.selenium.support.ui.ExpectedConditions$10.apply(ExpectedConditions.java:293)
at org.openqa.selenium.support.ui.ExpectedConditions$10.apply(ExpectedConditions.java:290)
at org.openqa.selenium.support.ui.ExpectedConditions$23.apply(ExpectedConditions.java:660)
at org.openqa.selenium.support.ui.ExpectedConditions$23.apply(ExpectedConditions.java:656)
at org.openqa.selenium.support.ui.FluentWait.until(FluentWait.java:208)
... 37 more
]]>
    </error>
  </testcase> <!-- afterExecution -->
  <system-out/>
  <testcase classname="testCase.UserManagementTC" name="TC_379" time="0.000">
    <skipped/>
  </testcase> <!-- TC_379 -->
  <system-out/>
  <testcase classname="testCase.UserManagementTC" name="TC_400" time="0.000">
    <skipped/>
  </testcase> <!-- TC_400 -->
  <system-out/>
  <testcase classname="testCase.UserManagementTC" name="TC_384" time="0.000">
    <skipped/>
  </testcase> <!-- TC_384 -->
  <system-out/>
  <testcase classname="testCase.UserManagementTC" name="TC_393" time="0.000">
    <skipped/>
  </testcase> <!-- TC_393 -->
  <system-out/>
  <testcase classname="testCase.UserManagementTC" name="TC_373" time="0.000">
    <skipped/>
  </testcase> <!-- TC_373 -->
  <system-out/>
  <testcase classname="testCase.UserManagementTC" name="newTest" time="0.000">
    <skipped/>
  </testcase> <!-- newTest -->
  <system-out/>
  <testcase classname="testCase.UserManagementTC" name="TC_367" time="0.000">
    <skipped/>
  </testcase> <!-- TC_367 -->
  <system-out/>
  <testcase classname="testCase.UserManagementTC" name="TC_378" time="0.000">
    <skipped/>
  </testcase> <!-- TC_378 -->
  <system-out/>
  <testcase classname="testCase.UserManagementTC" name="TC_413" time="0.000">
    <skipped/>
  </testcase> <!-- TC_413 -->
  <system-out/>
  <testcase classname="testCase.UserManagementTC" name="TC_382" time="0.000">
    <skipped/>
  </testcase> <!-- TC_382 -->
  <system-out/>
  <testcase classname="testCase.UserManagementTC" name="TC_385" time="0.000">
    <skipped/>
  </testcase> <!-- TC_385 -->
  <system-out/>
  <testcase classname="testCase.UserManagementTC" name="TC_411" time="0.000">
    <skipped/>
  </testcase> <!-- TC_411 -->
  <system-out/>
  <testcase classname="testCase.UserManagementTC" name="TC_380" time="0.000">
    <skipped/>
  </testcase> <!-- TC_380 -->
  <system-out/>
  <testcase classname="testCase.UserManagementTC" name="TC_403" time="0.000">
    <skipped/>
  </testcase> <!-- TC_403 -->
  <system-out/>
  <testcase classname="testCase.UserManagementTC" name="TC_368" time="0.000">
    <skipped/>
  </testcase> <!-- TC_368 -->
  <system-out/>
  <testcase classname="testCase.UserManagementTC" name="TC_366" time="0.000">
    <skipped/>
  </testcase> <!-- TC_366 -->
  <system-out/>
  <testcase classname="testCase.UserManagementTC" name="TC_415" time="0.000">
    <skipped/>
  </testcase> <!-- TC_415 -->
  <system-out/>
  <testcase classname="testCase.UserManagementTC" name="TC_381" time="0.000">
    <skipped/>
  </testcase> <!-- TC_381 -->
  <system-out/>
  <testcase classname="testCase.UserManagementTC" name="TC_405" time="0.000">
    <skipped/>
  </testcase> <!-- TC_405 -->
  <system-out/>
  <testcase classname="testCase.UserManagementTC" name="TC_407" time="0.000">
    <skipped/>
  </testcase> <!-- TC_407 -->
  <system-out/>
  <testcase classname="testCase.UserManagementTC" name="TC_375" time="0.000">
    <skipped/>
  </testcase> <!-- TC_375 -->
  <system-out/>
  <testcase classname="testCase.UserManagementTC" name="TC_418" time="0.000">
    <skipped/>
  </testcase> <!-- TC_418 -->
  <system-out/>
  <testcase classname="testCase.UserManagementTC" name="TC_372" time="0.000">
    <skipped/>
  </testcase> <!-- TC_372 -->
  <system-out/>
</testsuite> <!-- testCase.UserManagementTC -->
